\BOOKMARK [0][-]{chapter.1}{\376\377\000U\000v\000o\000d}{}% 1
\BOOKMARK [0][-]{chapter.2}{\376\377\000A\000n\000a\000l\000i\000z\000a\000\040\000s\000a\000s\000t\000a\000v\000a\000\040\000l\000j\000u\000d\000s\000k\000o\000g\000\040\000t\000i\000j\000e\000l\000a}{}% 2
\BOOKMARK [1][-]{section.2.1}{\376\377\000S\000a\000s\000t\000a\000v\000\040\000l\000j\000u\000d\000s\000k\000o\000g\000\040\000t\000i\000j\000e\000l\000a}{chapter.2}% 3
\BOOKMARK [1][-]{section.2.2}{\376\377\000M\000o\000d\000e\000l\000i\000r\000a\000n\000j\000e\000\040\000b\000i\000o\000i\000m\000p\000e\000d\000a\000n\000c\000i\000j\000e}{chapter.2}% 4
\BOOKMARK [2][-]{subsection.2.2.1}{\376\377\000E\000l\000e\000k\000t\000r\000i\001\015\000k\000i\000\040\000m\000o\000d\000e\000l\000\040\000l\000j\000u\000d\000k\000o\000g\000\040\000t\000i\000j\000e\000l\000a}{section.2.2}% 5
\BOOKMARK [2][-]{subsection.2.2.2}{\376\377\000M\000a\000t\000e\000m\000a\000t\000i\001\015\000k\000i\000\040\000m\000o\000d\000e\000l\000\040\000b\000i\000o\000i\000m\000p\000e\000d\000a\000n\000c\000i\000j\000e}{section.2.2}% 6
\BOOKMARK [2][-]{subsection.2.2.3}{\376\377\000G\000r\000a\000f\000\040\000b\000i\000o\000i\000m\000p\000e\000d\000a\000n\000c\000i\000j\000e\000\040\000C\000o\000l\000e\000\040\000m\000o\000d\000e\000l\000a}{section.2.2}% 7
\BOOKMARK [0][-]{chapter.3}{\376\377\000M\000e\000t\000o\000d\000e\000\040\000m\000j\000e\000r\000e\000n\000j\000a\000\040\000b\000i\000o\000i\000m\000p\000e\000d\000a\000n\000c\000i\000j\000e}{}% 8
\BOOKMARK [1][-]{section.3.1}{\376\377\000P\000r\000e\000g\000l\000e\000d\000\040\000m\000e\000t\000o\000d\000a\000\040\000m\000j\000e\000r\000e\000n\000j\000a\000\040\000b\000i\000o\000i\000m\000p\000e\000d\000a\000n\000c\000i\000j\000e}{chapter.3}% 9
\BOOKMARK [1][-]{section.3.2}{\376\377\000K\000o\000m\000e\000r\000c\000i\000j\000a\000l\000n\000i\000\040\000u\000r\000e\001\021\000a\000j\000i\000\040\000z\000a\000\040\000m\000j\000e\000r\000e\000n\000j\000e\000\040\000b\000i\000o\000i\000m\000p\000e\000d\000a\000n\000c\000i\000j\000e}{chapter.3}% 10
\BOOKMARK [0][-]{chapter.4}{\376\377\000R\000a\000z\000v\000i\000j\000e\000n\000i\000\040\000n\000o\000s\000i\000v\000i\000\040\000s\000u\000s\000t\000a\000v\000\040\000z\000a\000\040\000p\000r\000a\001\007\000e\000n\000j\000e\000\040\000t\000j\000e\000l\000e\000s\000n\000i\000h\000\040\000t\000e\000k\000u\001\007\000i\000n\000a}{}% 11
\BOOKMARK [1][-]{section.4.1}{\376\377\000S\000T\000M\0003\0002\000W\000B\0005\000M\000M\000G\000\040\000b\000e\001\176\000i\001\015\000n\000i\000\040\000m\000o\000d\000u\000l}{chapter.4}% 12
\BOOKMARK [2][-]{subsection.4.1.1}{\376\377\000S\000T\000M\0003\0002\000W\000B\0005\0005\000V\000G\000Y\000\040\000m\000i\000k\000r\000o\000k\000o\000n\000t\000r\000o\000l\000e\000r}{section.4.1}% 13
\BOOKMARK [1][-]{section.4.2}{\376\377\000K\000o\000r\000i\001\141\000t\000e\000n\000i\000\040\000s\000e\000n\000z\000o\000r\000i}{chapter.4}% 14
\BOOKMARK [2][-]{subsection.4.2.1}{\376\377\000I\000C\000M\000-\0002\0000\0009\0004\0008}{section.4.2}% 15
\BOOKMARK [2][-]{subsection.4.2.2}{\376\377\000M\000A\000X\0003\0000\0000\0000\0009}{section.4.2}% 16
\BOOKMARK [2][-]{subsection.4.2.3}{\376\377\000A\000D\0004\0009\0005\0000}{section.4.2}% 17
\BOOKMARK [0][-]{chapter.5}{\376\377\000P\000r\000o\000g\000r\000a\000m\000s\000k\000a\000\040\000p\000o\000d\000r\001\141\000k\000a\000\040\000z\000a\000\040\000r\000a\000z\000v\000i\000j\000e\000n\000i\000\040\000s\000u\000s\000t\000a\000v}{}% 18
\BOOKMARK [1][-]{section.5.1}{\376\377\000P\000r\000o\000g\000r\000a\000m\000i\000r\000a\000n\000j\000e\000\040\000m\000r\000e\001\176\000n\000o\000g\000\040\000p\000r\000o\000c\000e\000s\000o\000r\000a\000\040\000A\000R\000M\000\040\000C\000o\000r\000t\000e\000x\000-\000M\0000\000+}{chapter.5}% 19
\BOOKMARK [1][-]{section.5.2}{\376\377\000O\000p\000e\000r\000a\000c\000i\000j\000s\000k\000i\000\040\000s\000u\000s\000t\000a\000v\000\040\000z\000a\000\040\000r\000a\000d\000\040\000u\000\040\000s\000t\000v\000a\000r\000n\000o\000m\000\040\000v\000r\000e\000m\000e\000n\000u\000\040\000Z\000e\000p\000h\000y\000r}{chapter.5}% 20
\BOOKMARK [1][-]{section.5.3}{\376\377\000O\000p\000i\000s\000\040\000k\000o\000n\000t\000r\000o\000l\000e\000\040\000p\000o\000j\000e\000d\000i\000n\000i\000h\000\040\000s\000e\000n\000z\000o\000r\000a}{chapter.5}% 21
\BOOKMARK [1][-]{section.5.4}{\376\377\000B\000l\000u\000e\000t\000o\000o\000t\000h\000\040\000l\000o\000w\000\040\000e\000n\000e\000r\000g\000y\000\040\000k\000o\000m\000u\000n\000i\000k\000a\000c\000i\000j\000a}{chapter.5}% 22
\BOOKMARK [0][-]{chapter.6}{\376\377\000R\000a\000z\000v\000i\000j\000e\000n\000o\000\040\000i\000s\000p\000i\000t\000n\000o\000\040\000o\000k\000r\000u\001\176\000e\000n\000j\000e}{}% 23
\BOOKMARK [1][-]{section.6.1}{\376\377\000P\000o\000v\000e\000z\000i\000v\000a\000n\000j\000e\000\040\000s\000\040\000r\000a\000z\000v\000i\000j\000e\000n\000i\000m\000\040\000u\000r\000e\001\021\000a\000j\000e\000m}{chapter.6}% 24
\BOOKMARK [1][-]{section.6.2}{\376\377\000P\000o\000s\000t\000u\000p\000a\000k\000\040\000m\000j\000e\000r\000e\000n\000j\000a}{chapter.6}% 25
\BOOKMARK [1][-]{section.6.3}{\376\377\000P\000r\000i\000k\000a\000z\000\040\000r\000e\000t\000u\000l\000t\000a\000t\000a}{chapter.6}% 26
\BOOKMARK [0][-]{chapter.7}{\376\377\000M\000j\000e\000r\000n\000a\000\040\000m\000e\000t\000o\000d\000a}{}% 27
\BOOKMARK [0][-]{chapter.8}{\376\377\000R\000e\000z\000u\000l\000t\000a\000t\000i\000\040\000i\000\040\000d\000i\000s\000k\000u\000s\000i\000j\000a}{}% 28
\BOOKMARK [0][-]{chapter.9}{\376\377\000Z\000a\000k\000l\000j\000u\001\015\000a\000k}{}% 29
\BOOKMARK [0][-]{chapter*.10}{\376\377\000S\000a\001\176\000e\000t\000a\000k}{}% 30
\BOOKMARK [0][-]{chapter*.11}{\376\377\000A\000b\000s\000t\000r\000a\000c\000t}{}% 31
